{"total": {"lines":{"total":211,"covered":211,"skipped":0,"pct":100},"statements":{"total":211,"covered":211,"skipped":0,"pct":100},"functions":{"total":18,"covered":18,"skipped":0,"pct":100},"branches":{"total":72,"covered":72,"skipped":0,"pct":100},"branchesTrue":{"total":0,"covered":0,"skipped":0,"pct":"Unknown"}}
,"D:\\Research in Missing Metrics\\typescript\\Vitest Exception Path Handling\\workspace\\typescript-tool-testing-knip\\sample_subject\\src\\errorFlow.ts": {"lines":{"total":73,"covered":73,"skipped":0,"pct":100},"functions":{"total":5,"covered":5,"skipped":0,"pct":100},"statements":{"total":73,"covered":73,"skipped":0,"pct":100},"branches":{"total":29,"covered":29,"skipped":0,"pct":100}}
,"D:\\Research in Missing Metrics\\typescript\\Vitest Exception Path Handling\\workspace\\typescript-tool-testing-knip\\sample_subject\\src\\exceptionAsync.ts": {"lines":{"total":33,"covered":33,"skipped":0,"pct":100},"functions":{"total":3,"covered":3,"skipped":0,"pct":100},"statements":{"total":33,"covered":33,"skipped":0,"pct":100},"branches":{"total":12,"covered":12,"skipped":0,"pct":100}}
,"D:\\Research in Missing Metrics\\typescript\\Vitest Exception Path Handling\\workspace\\typescript-tool-testing-knip\\sample_subject\\src\\exceptionSync.ts": {"lines":{"total":105,"covered":105,"skipped":0,"pct":100},"functions":{"total":10,"covered":10,"skipped":0,"pct":100},"statements":{"total":105,"covered":105,"skipped":0,"pct":100},"branches":{"total":31,"covered":31,"skipped":0,"pct":100}}
}
