TN:
SF:sample_subject\src\errorFlow.ts
FN:10,safeReadLines
FN:29,parseJsonSafely
FN:37,divideSafely
FN:54,retryOperation
FN:74,classifyHttpStatus
FNF:5
FNH:5
FNDA:5,safeReadLines
FNDA:2,parseJsonSafely
FNDA:3,divideSafely
FNDA:3,retryOperation
FNDA:4,classifyHttpStatus
DA:1,1
DA:10,5
DA:11,5
DA:12,5
DA:13,1
DA:14,5
DA:15,4
DA:16,4
DA:17,1
DA:18,1
DA:19,4
DA:20,1
DA:21,1
DA:22,4
DA:23,1
DA:24,1
DA:25,1
DA:26,1
DA:27,5
DA:29,1
DA:30,2
DA:31,2
DA:32,2
DA:33,1
DA:34,1
DA:35,2
DA:37,1
DA:38,3
DA:39,3
DA:40,1
DA:41,1
DA:42,3
DA:43,1
DA:44,1
DA:45,1
DA:46,3
DA:47,2
DA:48,1
DA:49,1
DA:50,1
DA:51,1
DA:52,3
DA:54,1
DA:55,3
DA:56,3
DA:57,3
DA:58,3
DA:59,3
DA:60,3
DA:61,5
DA:62,5
DA:63,5
DA:64,4
DA:65,4
DA:66,4
DA:67,2
DA:68,2
DA:69,4
DA:70,5
DA:71,2
DA:72,2
DA:74,1
DA:75,4
DA:76,1
DA:77,1
DA:78,4
DA:79,1
DA:80,1
DA:81,4
DA:82,1
DA:83,1
DA:84,1
DA:85,1
LF:73
LH:73
BRDA:10,0,0,5
BRDA:12,1,0,1
BRDA:14,2,0,4
BRDA:16,3,0,1
BRDA:18,4,0,3
BRDA:19,5,0,1
BRDA:21,6,0,2
BRDA:22,7,0,1
BRDA:29,8,0,2
BRDA:32,9,0,1
BRDA:37,10,0,3
BRDA:39,11,0,1
BRDA:41,12,0,2
BRDA:42,13,0,1
BRDA:42,14,0,1
BRDA:46,15,0,2
BRDA:47,16,0,1
BRDA:54,17,0,3
BRDA:60,18,0,5
BRDA:63,19,0,4
BRDA:65,20,0,1
BRDA:66,21,0,2
BRDA:70,22,0,2
BRDA:74,23,0,4
BRDA:75,24,0,1
BRDA:77,25,0,3
BRDA:78,26,0,1
BRDA:80,27,0,2
BRDA:81,28,0,1
BRF:29
BRH:29
end_of_record
TN:
SF:sample_subject\src\exceptionAsync.ts
FN:11,asyncTryCatch
FN:25,handlePromiseRejection
FN:36,fetchWithRecovery
FNF:3
FNH:3
FNDA:4,asyncTryCatch
FNDA:2,handlePromiseRejection
FNDA:2,fetchWithRecovery
DA:11,4
DA:12,4
DA:13,4
DA:14,1
DA:15,4
DA:16,3
DA:17,1
DA:18,1
DA:19,3
DA:20,3
DA:21,3
DA:22,4
DA:25,2
DA:26,2
DA:27,2
DA:28,2
DA:29,2
DA:30,1
DA:31,1
DA:32,1
DA:33,1
DA:34,2
DA:36,2
DA:37,2
DA:38,2
DA:39,2
DA:40,2
DA:41,2
DA:42,1
DA:43,1
DA:44,1
DA:45,1
DA:46,2
LF:33
LH:33
BRDA:11,0,0,4
BRDA:13,1,0,1
BRDA:15,2,0,3
BRDA:16,3,0,2
BRDA:16,4,0,1
BRDA:18,5,0,2
BRDA:19,6,0,1
BRDA:19,7,0,1
BRDA:25,8,0,2
BRDA:29,9,0,1
BRDA:36,10,0,2
BRDA:41,11,0,1
BRF:12
BRH:12
end_of_record
TN:
SF:sample_subject\src\exceptionSync.ts
FN:7,<instance_members_initializer>
FN:10,AppValidationError
FN:18,simpleTryCatch
FN:30,nestedTryCatch
FN:49,throwCustomError
FN:57,withFallback
FN:66,parseOrRethrow
FN:84,runWithFinally
FN:100,classifyError
FN:118,recoverFromFailure
FNF:10
FNH:10
FNDA:3,<instance_members_initializer>
FNDA:3,AppValidationError
FNDA:2,simpleTryCatch
FNDA:3,nestedTryCatch
FNDA:2,throwCustomError
FNDA:2,withFallback
FNDA:3,parseOrRethrow
FNDA:2,runWithFinally
FNDA:5,classifyError
FNDA:3,recoverFromFailure
DA:7,1
DA:8,3
DA:10,3
DA:11,3
DA:12,3
DA:13,3
DA:14,3
DA:15,3
DA:18,1
DA:19,2
DA:20,2
DA:21,1
DA:22,1
DA:23,1
DA:24,1
DA:25,1
DA:26,1
DA:27,2
DA:30,1
DA:31,3
DA:32,3
DA:33,1
DA:34,1
DA:35,2
DA:36,3
DA:37,1
DA:38,1
DA:39,1
DA:40,1
DA:41,1
DA:42,1
DA:43,3
DA:44,1
DA:45,1
DA:46,3
DA:49,1
DA:50,2
DA:51,1
DA:52,1
DA:53,1
DA:54,1
DA:57,1
DA:58,2
DA:59,2
DA:60,2
DA:61,1
DA:62,1
DA:63,2
DA:66,1
DA:67,3
DA:68,3
DA:69,3
DA:70,1
DA:71,1
DA:72,1
DA:73,3
DA:74,2
DA:75,1
DA:76,1
DA:77,1
DA:78,1
DA:79,3
DA:84,1
DA:85,2
DA:86,2
DA:87,2
DA:88,2
DA:89,1
DA:90,1
DA:91,2
DA:92,1
DA:93,2
DA:94,2
DA:95,2
DA:96,2
DA:97,2
DA:100,1
DA:101,5
DA:102,5
DA:103,1
DA:104,1
DA:105,5
DA:106,1
DA:107,1
DA:108,5
DA:109,1
DA:110,1
DA:111,2
DA:112,2
DA:113,2
DA:114,2
DA:115,5
DA:118,1
DA:122,3
DA:123,3
DA:124,3
DA:125,5
DA:126,5
DA:127,5
DA:128,5
DA:129,5
DA:131,3
DA:132,5
DA:133,1
DA:134,1
LF:105
LH:105
BRDA:7,0,0,3
BRDA:10,1,0,3
BRDA:18,2,0,2
BRDA:20,3,0,1
BRDA:30,4,0,3
BRDA:32,5,0,1
BRDA:34,6,0,2
BRDA:36,7,0,1
BRDA:43,8,0,1
BRDA:49,9,0,2
BRDA:50,10,0,1
BRDA:57,11,0,2
BRDA:60,12,0,1
BRDA:66,13,0,3
BRDA:69,14,0,1
BRDA:73,15,0,2
BRDA:74,16,0,1
BRDA:84,17,0,2
BRDA:88,18,0,1
BRDA:91,19,0,1
BRDA:100,20,0,5
BRDA:102,21,0,1
BRDA:104,22,0,4
BRDA:105,23,0,1
BRDA:107,24,0,3
BRDA:108,25,0,1
BRDA:110,26,0,2
BRDA:118,27,0,3
BRDA:124,28,0,5
BRDA:129,29,0,3
BRDA:132,30,0,1
BRF:31
BRH:31
end_of_record
