{"D:\\Research in Missing Metrics\\typescript\\Vitest Path Coverage\\workspace\\typescript-tool-testing-eslint-eslint-plugin-sonarjs\\sample_subject\\src\\pathComplexity.ts": {"path":"D:\\Research in Missing Metrics\\typescript\\Vitest Path Coverage\\workspace\\typescript-tool-testing-eslint-eslint-plugin-sonarjs\\sample_subject\\src\\pathComplexity.ts","all":false,"statementMap":{"5":{"start":{"line":6,"column":0},"end":{"line":6,"column":29}},"6":{"start":{"line":7,"column":0},"end":{"line":7,"column":19}},"7":{"start":{"line":8,"column":0},"end":{"line":8,"column":25}},"8":{"start":{"line":9,"column":0},"end":{"line":9,"column":18}},"9":{"start":{"line":10,"column":0},"end":{"line":10,"column":11}},"10":{"start":{"line":11,"column":0},"end":{"line":11,"column":17}},"11":{"start":{"line":12,"column":0},"end":{"line":12,"column":22}},"12":{"start":{"line":13,"column":0},"end":{"line":13,"column":3}},"13":{"start":{"line":14,"column":0},"end":{"line":14,"column":32}},"14":{"start":{"line":15,"column":0},"end":{"line":15,"column":22}},"15":{"start":{"line":16,"column":0},"end":{"line":16,"column":25}},"16":{"start":{"line":17,"column":0},"end":{"line":17,"column":38}},"17":{"start":{"line":18,"column":0},"end":{"line":18,"column":7}},"18":{"start":{"line":19,"column":0},"end":{"line":19,"column":30}},"19":{"start":{"line":20,"column":0},"end":{"line":20,"column":5}},"20":{"start":{"line":21,"column":0},"end":{"line":21,"column":32}},"21":{"start":{"line":22,"column":0},"end":{"line":22,"column":3}},"22":{"start":{"line":23,"column":0},"end":{"line":23,"column":28}},"23":{"start":{"line":24,"column":0},"end":{"line":24,"column":52}},"24":{"start":{"line":25,"column":0},"end":{"line":25,"column":3}},"25":{"start":{"line":26,"column":0},"end":{"line":26,"column":30}},"26":{"start":{"line":27,"column":0},"end":{"line":27,"column":26}},"27":{"start":{"line":28,"column":0},"end":{"line":28,"column":3}},"28":{"start":{"line":29,"column":0},"end":{"line":29,"column":21}},"29":{"start":{"line":30,"column":0},"end":{"line":30,"column":1}},"31":{"start":{"line":32,"column":0},"end":{"line":32,"column":55}},"32":{"start":{"line":33,"column":0},"end":{"line":33,"column":30}},"33":{"start":{"line":34,"column":0},"end":{"line":34,"column":29}},"34":{"start":{"line":35,"column":0},"end":{"line":35,"column":29}},"35":{"start":{"line":36,"column":0},"end":{"line":36,"column":22}},"36":{"start":{"line":37,"column":0},"end":{"line":37,"column":26}},"37":{"start":{"line":38,"column":0},"end":{"line":38,"column":7}},"38":{"start":{"line":39,"column":0},"end":{"line":39,"column":5}},"39":{"start":{"line":40,"column":0},"end":{"line":40,"column":3}},"40":{"start":{"line":41,"column":0},"end":{"line":41,"column":16}},"41":{"start":{"line":42,"column":0},"end":{"line":42,"column":1}},"43":{"start":{"line":44,"column":0},"end":{"line":44,"column":45}},"44":{"start":{"line":45,"column":0},"end":{"line":45,"column":16}},"45":{"start":{"line":46,"column":0},"end":{"line":46,"column":12}},"46":{"start":{"line":47,"column":0},"end":{"line":47,"column":17}},"47":{"start":{"line":48,"column":0},"end":{"line":48,"column":15}},"48":{"start":{"line":49,"column":0},"end":{"line":49,"column":11}},"49":{"start":{"line":50,"column":0},"end":{"line":50,"column":3}},"50":{"start":{"line":51,"column":0},"end":{"line":51,"column":15}},"51":{"start":{"line":52,"column":0},"end":{"line":52,"column":1}},"53":{"start":{"line":54,"column":0},"end":{"line":54,"column":68}},"54":{"start":{"line":55,"column":0},"end":{"line":55,"column":13}},"55":{"start":{"line":56,"column":0},"end":{"line":56,"column":16}},"56":{"start":{"line":57,"column":0},"end":{"line":57,"column":3}},"57":{"start":{"line":58,"column":0},"end":{"line":58,"column":15}},"58":{"start":{"line":59,"column":0},"end":{"line":59,"column":1}}},"s":{"5":1,"6":8,"7":8,"8":8,"9":8,"10":8,"11":1,"12":1,"13":8,"14":3,"15":2,"16":1,"17":1,"18":1,"19":1,"20":1,"21":1,"22":8,"23":2,"24":2,"25":8,"26":1,"27":1,"28":1,"29":1,"31":1,"32":3,"33":3,"34":3,"35":5,"36":4,"37":4,"38":5,"39":3,"40":3,"41":3,"43":1,"44":2,"45":2,"46":2,"47":4,"48":4,"49":4,"50":2,"51":2,"53":1,"54":2,"55":1,"56":1,"57":1,"58":1},"branchMap":{"0":{"type":"branch","line":6,"loc":{"start":{"line":6,"column":7},"end":{"line":30,"column":1}},"locations":[{"start":{"line":6,"column":7},"end":{"line":30,"column":1}}]},"1":{"type":"branch","line":11,"loc":{"start":{"line":11,"column":16},"end":{"line":13,"column":3}},"locations":[{"start":{"line":11,"column":16},"end":{"line":13,"column":3}}]},"2":{"type":"branch","line":13,"loc":{"start":{"line":13,"column":2},"end":{"line":14,"column":31}},"locations":[{"start":{"line":13,"column":2},"end":{"line":14,"column":31}}]},"3":{"type":"branch","line":14,"loc":{"start":{"line":14,"column":31},"end":{"line":22,"column":3}},"locations":[{"start":{"line":14,"column":31},"end":{"line":22,"column":3}}]},"4":{"type":"branch","line":15,"loc":{"start":{"line":15,"column":21},"end":{"line":20,"column":5}},"locations":[{"start":{"line":15,"column":21},"end":{"line":20,"column":5}}]},"5":{"type":"branch","line":16,"loc":{"start":{"line":16,"column":24},"end":{"line":20,"column":5}},"locations":[{"start":{"line":16,"column":24},"end":{"line":20,"column":5}}]},"6":{"type":"branch","line":20,"loc":{"start":{"line":20,"column":4},"end":{"line":22,"column":3}},"locations":[{"start":{"line":20,"column":4},"end":{"line":22,"column":3}}]},"7":{"type":"branch","line":22,"loc":{"start":{"line":22,"column":2},"end":{"line":23,"column":27}},"locations":[{"start":{"line":22,"column":2},"end":{"line":23,"column":27}}]},"8":{"type":"branch","line":23,"loc":{"start":{"line":23,"column":27},"end":{"line":26,"column":29}},"locations":[{"start":{"line":23,"column":27},"end":{"line":26,"column":29}}]},"9":{"type":"branch","line":24,"loc":{"start":{"line":24,"column":21},"end":{"line":24,"column":40}},"locations":[{"start":{"line":24,"column":21},"end":{"line":24,"column":40}}]},"10":{"type":"branch","line":24,"loc":{"start":{"line":24,"column":25},"end":{"line":24,"column":52}},"locations":[{"start":{"line":24,"column":25},"end":{"line":24,"column":52}}]},"11":{"type":"branch","line":26,"loc":{"start":{"line":26,"column":29},"end":{"line":30,"column":1}},"locations":[{"start":{"line":26,"column":29},"end":{"line":30,"column":1}}]},"12":{"type":"branch","line":32,"loc":{"start":{"line":32,"column":7},"end":{"line":42,"column":1}},"locations":[{"start":{"line":32,"column":7},"end":{"line":42,"column":1}}]},"13":{"type":"branch","line":35,"loc":{"start":{"line":35,"column":28},"end":{"line":39,"column":5}},"locations":[{"start":{"line":35,"column":28},"end":{"line":39,"column":5}}]},"14":{"type":"branch","line":36,"loc":{"start":{"line":36,"column":21},"end":{"line":38,"column":7}},"locations":[{"start":{"line":36,"column":21},"end":{"line":38,"column":7}}]},"15":{"type":"branch","line":44,"loc":{"start":{"line":44,"column":7},"end":{"line":52,"column":1}},"locations":[{"start":{"line":44,"column":7},"end":{"line":52,"column":1}}]},"16":{"type":"branch","line":47,"loc":{"start":{"line":47,"column":16},"end":{"line":50,"column":3}},"locations":[{"start":{"line":47,"column":16},"end":{"line":50,"column":3}}]},"17":{"type":"branch","line":54,"loc":{"start":{"line":54,"column":7},"end":{"line":59,"column":1}},"locations":[{"start":{"line":54,"column":7},"end":{"line":59,"column":1}}]},"18":{"type":"branch","line":55,"loc":{"start":{"line":55,"column":12},"end":{"line":59,"column":1}},"locations":[{"start":{"line":55,"column":12},"end":{"line":59,"column":1}}]}},"b":{"0":[8],"1":[1],"2":[7],"3":[3],"4":[2],"5":[1],"6":[1],"7":[4],"8":[2],"9":[1],"10":[1],"11":[1],"12":[3],"13":[5],"14":[4],"15":[2],"16":[4],"17":[2],"18":[1]},"fnMap":{"0":{"name":"scheduleTask","decl":{"start":{"line":6,"column":7},"end":{"line":30,"column":1}},"loc":{"start":{"line":6,"column":7},"end":{"line":30,"column":1}},"line":6},"1":{"name":"flatten","decl":{"start":{"line":32,"column":7},"end":{"line":42,"column":1}},"loc":{"start":{"line":32,"column":7},"end":{"line":42,"column":1}},"line":32},"2":{"name":"sumWhile","decl":{"start":{"line":44,"column":7},"end":{"line":52,"column":1}},"loc":{"start":{"line":44,"column":7},"end":{"line":52,"column":1}},"line":44},"3":{"name":"detectUnreachableFlag","decl":{"start":{"line":54,"column":7},"end":{"line":59,"column":1}},"loc":{"start":{"line":54,"column":7},"end":{"line":59,"column":1}},"line":54}},"f":{"0":8,"1":3,"2":2,"3":2}}
,"D:\\Research in Missing Metrics\\typescript\\Vitest Path Coverage\\workspace\\typescript-tool-testing-eslint-eslint-plugin-sonarjs\\sample_subject\\src\\pathRouter.ts": {"path":"D:\\Research in Missing Metrics\\typescript\\Vitest Path Coverage\\workspace\\typescript-tool-testing-eslint-eslint-plugin-sonarjs\\sample_subject\\src\\pathRouter.ts","all":false,"statementMap":{"6":{"start":{"line":7,"column":0},"end":{"line":7,"column":53}},"7":{"start":{"line":8,"column":0},"end":{"line":8,"column":18}},"8":{"start":{"line":9,"column":0},"end":{"line":9,"column":21}},"9":{"start":{"line":10,"column":0},"end":{"line":10,"column":3}},"10":{"start":{"line":11,"column":0},"end":{"line":11,"column":19}},"11":{"start":{"line":12,"column":0},"end":{"line":12,"column":18}},"12":{"start":{"line":13,"column":0},"end":{"line":13,"column":3}},"13":{"start":{"line":14,"column":0},"end":{"line":14,"column":19}},"14":{"start":{"line":15,"column":0},"end":{"line":15,"column":18}},"15":{"start":{"line":16,"column":0},"end":{"line":16,"column":3}},"16":{"start":{"line":17,"column":0},"end":{"line":17,"column":21}},"17":{"start":{"line":18,"column":0},"end":{"line":18,"column":1}},"19":{"start":{"line":20,"column":0},"end":{"line":20,"column":67}},"20":{"start":{"line":21,"column":0},"end":{"line":21,"column":13}},"21":{"start":{"line":22,"column":0},"end":{"line":22,"column":21}},"22":{"start":{"line":23,"column":0},"end":{"line":23,"column":3}},"23":{"start":{"line":24,"column":0},"end":{"line":24,"column":19}},"24":{"start":{"line":25,"column":0},"end":{"line":25,"column":1}},"26":{"start":{"line":27,"column":0},"end":{"line":27,"column":50}},"27":{"start":{"line":28,"column":0},"end":{"line":28,"column":17}},"28":{"start":{"line":29,"column":0},"end":{"line":29,"column":11}},"29":{"start":{"line":30,"column":0},"end":{"line":30,"column":21}},"30":{"start":{"line":31,"column":0},"end":{"line":31,"column":11}},"31":{"start":{"line":32,"column":0},"end":{"line":32,"column":20}},"32":{"start":{"line":33,"column":0},"end":{"line":33,"column":11}},"33":{"start":{"line":34,"column":0},"end":{"line":34,"column":21}},"34":{"start":{"line":35,"column":0},"end":{"line":35,"column":12}},"35":{"start":{"line":36,"column":0},"end":{"line":36,"column":23}},"36":{"start":{"line":37,"column":0},"end":{"line":37,"column":3}},"37":{"start":{"line":38,"column":0},"end":{"line":38,"column":1}},"39":{"start":{"line":40,"column":0},"end":{"line":40,"column":81}},"40":{"start":{"line":41,"column":0},"end":{"line":41,"column":23}},"41":{"start":{"line":42,"column":0},"end":{"line":42,"column":17}},"42":{"start":{"line":43,"column":0},"end":{"line":43,"column":3}},"43":{"start":{"line":44,"column":0},"end":{"line":44,"column":15}},"44":{"start":{"line":45,"column":0},"end":{"line":45,"column":1}}},"s":{"6":1,"7":4,"8":1,"9":1,"10":4,"11":1,"12":1,"13":4,"14":1,"15":1,"16":1,"17":1,"19":1,"20":2,"21":1,"22":1,"23":1,"24":1,"26":1,"27":4,"28":4,"29":1,"30":4,"31":1,"32":4,"33":1,"34":4,"35":1,"36":4,"37":4,"39":1,"40":2,"41":1,"42":1,"43":1,"44":1},"branchMap":{"0":{"type":"branch","line":7,"loc":{"start":{"line":7,"column":7},"end":{"line":18,"column":1}},"locations":[{"start":{"line":7,"column":7},"end":{"line":18,"column":1}}]},"1":{"type":"branch","line":8,"loc":{"start":{"line":8,"column":17},"end":{"line":10,"column":3}},"locations":[{"start":{"line":8,"column":17},"end":{"line":10,"column":3}}]},"2":{"type":"branch","line":10,"loc":{"start":{"line":10,"column":2},"end":{"line":11,"column":18}},"locations":[{"start":{"line":10,"column":2},"end":{"line":11,"column":18}}]},"3":{"type":"branch","line":11,"loc":{"start":{"line":11,"column":18},"end":{"line":13,"column":3}},"locations":[{"start":{"line":11,"column":18},"end":{"line":13,"column":3}}]},"4":{"type":"branch","line":13,"loc":{"start":{"line":13,"column":2},"end":{"line":14,"column":18}},"locations":[{"start":{"line":13,"column":2},"end":{"line":14,"column":18}}]},"5":{"type":"branch","line":14,"loc":{"start":{"line":14,"column":18},"end":{"line":18,"column":1}},"locations":[{"start":{"line":14,"column":18},"end":{"line":18,"column":1}}]},"6":{"type":"branch","line":20,"loc":{"start":{"line":20,"column":7},"end":{"line":25,"column":1}},"locations":[{"start":{"line":20,"column":7},"end":{"line":25,"column":1}}]},"7":{"type":"branch","line":21,"loc":{"start":{"line":21,"column":12},"end":{"line":25,"column":1}},"locations":[{"start":{"line":21,"column":12},"end":{"line":25,"column":1}}]},"8":{"type":"branch","line":27,"loc":{"start":{"line":27,"column":7},"end":{"line":38,"column":1}},"locations":[{"start":{"line":27,"column":7},"end":{"line":38,"column":1}}]},"9":{"type":"branch","line":29,"loc":{"start":{"line":29,"column":4},"end":{"line":30,"column":21}},"locations":[{"start":{"line":29,"column":4},"end":{"line":30,"column":21}}]},"10":{"type":"branch","line":31,"loc":{"start":{"line":31,"column":4},"end":{"line":32,"column":20}},"locations":[{"start":{"line":31,"column":4},"end":{"line":32,"column":20}}]},"11":{"type":"branch","line":33,"loc":{"start":{"line":33,"column":4},"end":{"line":34,"column":21}},"locations":[{"start":{"line":33,"column":4},"end":{"line":34,"column":21}}]},"12":{"type":"branch","line":35,"loc":{"start":{"line":35,"column":4},"end":{"line":36,"column":23}},"locations":[{"start":{"line":35,"column":4},"end":{"line":36,"column":23}}]},"13":{"type":"branch","line":40,"loc":{"start":{"line":40,"column":7},"end":{"line":45,"column":1}},"locations":[{"start":{"line":40,"column":7},"end":{"line":45,"column":1}}]},"14":{"type":"branch","line":41,"loc":{"start":{"line":41,"column":22},"end":{"line":45,"column":1}},"locations":[{"start":{"line":41,"column":22},"end":{"line":45,"column":1}}]}},"b":{"0":[4],"1":[1],"2":[3],"3":[1],"4":[2],"5":[1],"6":[2],"7":[1],"8":[4],"9":[1],"10":[1],"11":[1],"12":[1],"13":[2],"14":[1]},"fnMap":{"0":{"name":"classifyScore","decl":{"start":{"line":7,"column":7},"end":{"line":18,"column":1}},"loc":{"start":{"line":7,"column":7},"end":{"line":18,"column":1}},"line":7},"1":{"name":"routeAction","decl":{"start":{"line":20,"column":7},"end":{"line":25,"column":1}},"loc":{"start":{"line":20,"column":7},"end":{"line":25,"column":1}},"line":20},"2":{"name":"switchPath","decl":{"start":{"line":27,"column":7},"end":{"line":38,"column":1}},"loc":{"start":{"line":27,"column":7},"end":{"line":38,"column":1}},"line":27},"3":{"name":"combinePaths","decl":{"start":{"line":40,"column":7},"end":{"line":45,"column":1}},"loc":{"start":{"line":40,"column":7},"end":{"line":45,"column":1}},"line":40}},"f":{"0":4,"1":2,"2":4,"3":2}}
}
