{"total": {"lines":{"total":87,"covered":87,"skipped":0,"pct":100},"statements":{"total":87,"covered":87,"skipped":0,"pct":100},"functions":{"total":8,"covered":8,"skipped":0,"pct":100},"branches":{"total":34,"covered":34,"skipped":0,"pct":100},"branchesTrue":{"total":0,"covered":0,"skipped":0,"pct":"Unknown"}}
,"D:\\Research in Missing Metrics\\typescript\\Vitest Path Coverage\\workspace\\typescript-tool-testing-eslint-eslint-plugin-sonarjs\\sample_subject\\src\\pathComplexity.ts": {"lines":{"total":51,"covered":51,"skipped":0,"pct":100},"functions":{"total":4,"covered":4,"skipped":0,"pct":100},"statements":{"total":51,"covered":51,"skipped":0,"pct":100},"branches":{"total":19,"covered":19,"skipped":0,"pct":100}}
,"D:\\Research in Missing Metrics\\typescript\\Vitest Path Coverage\\workspace\\typescript-tool-testing-eslint-eslint-plugin-sonarjs\\sample_subject\\src\\pathRouter.ts": {"lines":{"total":36,"covered":36,"skipped":0,"pct":100},"functions":{"total":4,"covered":4,"skipped":0,"pct":100},"statements":{"total":36,"covered":36,"skipped":0,"pct":100},"branches":{"total":15,"covered":15,"skipped":0,"pct":100}}
}
