<?xml version="1.0" encoding="UTF-8" standalone="yes"?><!DOCTYPE report PUBLIC "-//JACOCO//DTD Report 1.1//EN" "report.dtd"><report name="Def-Use Training Subject"><sessioninfo id="VICHU-f28f9289" start="1784189439795" dump="1784189442575"/><package name="com/testable/training"><class name="com/testable/training/PricingEngine" sourcefilename="PricingEngine.java"><method name="&lt;init&gt;" desc="()V" line="4"><counter type="INSTRUCTION" missed="0" covered="3"/><counter type="LINE" missed="0" covered="1"/><counter type="COMPLEXITY" missed="0" covered="1"/><counter type="METHOD" missed="0" covered="1"/></method><method name="applyDiscount" desc="(DD)D" line="7"><counter type="INSTRUCTION" missed="0" covered="30"/><counter type="BRANCH" missed="0" covered="6"/><counter type="LINE" missed="0" covered="5"/><counter type="COMPLEXITY" missed="0" covered="4"/><counter type="METHOD" missed="0" covered="1"/></method><method name="taxInclusive" desc="(DD)D" line="17"><counter type="INSTRUCTION" missed="0" covered="16"/><counter type="BRANCH" missed="0" covered="4"/><counter type="LINE" missed="0" covered="3"/><counter type="COMPLEXITY" missed="0" covered="3"/><counter type="METHOD" missed="0" covered="1"/></method><method name="priceBand" desc="(D)Ljava/lang/String;" line="24"><counter type="INSTRUCTION" missed="0" covered="14"/><counter type="BRANCH" missed="0" covered="4"/><counter type="LINE" missed="0" covered="5"/><counter type="COMPLEXITY" missed="0" covered="3"/><counter type="METHOD" missed="0" covered="1"/></method><counter type="INSTRUCTION" missed="0" covered="63"/><counter type="BRANCH" missed="0" covered="14"/><counter type="LINE" missed="0" covered="14"/><counter type="COMPLEXITY" missed="0" covered="11"/><counter type="METHOD" missed="0" covered="4"/><counter type="CLASS" missed="0" covered="1"/></class><class name="com/testable/training/DataFlowSample" sourcefilename="DataFlowSample.java"><method name="&lt;init&gt;" desc="()V" line="3"><counter type="INSTRUCTION" missed="0" covered="3"/><counter type="LINE" missed="0" covered="1"/><counter type="COMPLEXITY" missed="0" covered="1"/><counter type="METHOD" missed="0" covered="1"/></method><method name="compute" desc="(IZ)I" line="6"><counter type="INSTRUCTION" missed="0" covered="12"/><counter type="BRANCH" missed="0" covered="2"/><counter type="LINE" missed="0" covered="4"/><counter type="COMPLEXITY" missed="0" covered="2"/><counter type="METHOD" missed="0" covered="1"/></method><method name="route" desc="(I)Ljava/lang/String;" line="14"><counter type="INSTRUCTION" missed="0" covered="11"/><counter type="BRANCH" missed="0" covered="4"/><counter type="LINE" missed="0" covered="5"/><counter type="COMPLEXITY" missed="0" covered="3"/><counter type="METHOD" missed="0" covered="1"/></method><counter type="INSTRUCTION" missed="0" covered="26"/><counter type="BRANCH" missed="0" covered="6"/><counter type="LINE" missed="0" covered="10"/><counter type="COMPLEXITY" missed="0" covered="6"/><counter type="METHOD" missed="0" covered="3"/><counter type="CLASS" missed="0" covered="1"/></class><class name="com/testable/training/OrderService" sourcefilename="OrderService.java"><method name="&lt;init&gt;" desc="(Lcom/testable/training/PaymentValidator;)V" line="7"><counter type="INSTRUCTION" missed="0" covered="6"/><counter type="LINE" missed="0" covered="3"/><counter type="COMPLEXITY" missed="0" covered="1"/><counter type="METHOD" missed="0" covered="1"/></method><method name="processOrder" desc="(ZZI)Ljava/lang/String;" line="12"><counter type="INSTRUCTION" missed="0" covered="16"/><counter type="BRANCH" missed="1" covered="9"/><counter type="LINE" missed="0" covered="5"/><counter type="COMPLEXITY" missed="1" covered="5"/><counter type="METHOD" missed="0" covered="1"/></method><method name="sumLoop" desc="(I)I" line="22"><counter type="INSTRUCTION" missed="0" covered="15"/><counter type="BRANCH" missed="0" covered="2"/><counter type="LINE" missed="0" covered="4"/><counter type="COMPLEXITY" missed="0" covered="2"/><counter type="METHOD" missed="0" covered="1"/></method><method name="nestedDecision" desc="(IZZ)Ljava/lang/String;" line="30"><counter type="INSTRUCTION" missed="0" covered="15"/><counter type="BRANCH" missed="1" covered="7"/><counter type="LINE" missed="0" covered="5"/><counter type="COMPLEXITY" missed="1" covered="4"/><counter type="METHOD" missed="0" covered="1"/></method><method name="handleWithFallback" desc="(Ljava/lang/String;)Ljava/lang/String;" line="41"><counter type="INSTRUCTION" missed="0" covered="8"/><counter type="LINE" missed="0" covered="3"/><counter type="COMPLEXITY" missed="0" covered="1"/><counter type="METHOD" missed="0" covered="1"/></method><method name="crossModuleFlow" desc="(Ljava/lang/String;)Ljava/lang/String;" line="48"><counter type="INSTRUCTION" missed="0" covered="10"/><counter type="LINE" missed="0" covered="2"/><counter type="COMPLEXITY" missed="0" covered="1"/><counter type="METHOD" missed="0" covered="1"/></method><counter type="INSTRUCTION" missed="0" covered="70"/><counter type="BRANCH" missed="2" covered="18"/><counter type="LINE" missed="0" covered="22"/><counter type="COMPLEXITY" missed="2" covered="14"/><counter type="METHOD" missed="0" covered="6"/><counter type="CLASS" missed="0" covered="1"/></class><class name="com/testable/training/PaymentValidator" sourcefilename="PaymentValidator.java"><method name="&lt;init&gt;" desc="()V" line="3"><counter type="INSTRUCTION" missed="0" covered="3"/><counter type="LINE" missed="0" covered="1"/><counter type="COMPLEXITY" missed="0" covered="1"/><counter type="METHOD" missed="0" covered="1"/></method><method name="validate" desc="(Ljava/lang/String;)Ljava/lang/String;" line="6"><counter type="INSTRUCTION" missed="0" covered="13"/><counter type="BRANCH" missed="0" covered="4"/><counter type="LINE" missed="0" covered="3"/><counter type="COMPLEXITY" missed="0" covered="3"/><counter type="METHOD" missed="0" covered="1"/></method><method name="maskToken" desc="(Ljava/lang/String;)Ljava/lang/String;" line="13"><counter type="INSTRUCTION" missed="0" covered="18"/><counter type="BRANCH" missed="0" covered="2"/><counter type="LINE" missed="0" covered="3"/><counter type="COMPLEXITY" missed="0" covered="2"/><counter type="METHOD" missed="0" covered="1"/></method><counter type="INSTRUCTION" missed="0" covered="34"/><counter type="BRANCH" missed="0" covered="6"/><counter type="LINE" missed="0" covered="7"/><counter type="COMPLEXITY" missed="0" covered="6"/><counter type="METHOD" missed="0" covered="3"/><counter type="CLASS" missed="0" covered="1"/></class><class name="com/testable/training/ShipmentTracker" sourcefilename="ShipmentTracker.java"><method name="&lt;init&gt;" desc="()V" line="7"><counter type="INSTRUCTION" missed="0" covered="3"/><counter type="LINE" missed="0" covered="1"/><counter type="COMPLEXITY" missed="0" covered="1"/><counter type="METHOD" missed="0" covered="1"/></method><method name="nextCheckpoint" desc="(Ljava/lang/String;)Ljava/lang/String;" line="10"><counter type="INSTRUCTION" missed="0" covered="22"/><counter type="BRANCH" missed="0" covered="6"/><counter type="LINE" missed="0" covered="7"/><counter type="COMPLEXITY" missed="0" covered="5"/><counter type="METHOD" missed="0" covered="1"/></method><method name="isOverdue" desc="(Ljava/time/LocalDate;Ljava/time/LocalDate;)Z" line="22"><counter type="INSTRUCTION" missed="0" covered="10"/><counter type="BRANCH" missed="0" covered="4"/><counter type="LINE" missed="0" covered="3"/><counter type="COMPLEXITY" missed="0" covered="3"/><counter type="METHOD" missed="0" covered="1"/></method><method name="transitDays" desc="(Ljava/time/LocalDate;Ljava/time/LocalDate;)I" line="29"><counter type="INSTRUCTION" missed="0" covered="17"/><counter type="BRANCH" missed="0" covered="6"/><counter type="LINE" missed="0" covered="3"/><counter type="COMPLEXITY" missed="0" covered="4"/><counter type="METHOD" missed="0" covered="1"/></method><counter type="INSTRUCTION" missed="0" covered="52"/><counter type="BRANCH" missed="0" covered="16"/><counter type="LINE" missed="0" covered="14"/><counter type="COMPLEXITY" missed="0" covered="13"/><counter type="METHOD" missed="0" covered="4"/><counter type="CLASS" missed="0" covered="1"/></class><class name="com/testable/training/InventoryService" sourcefilename="InventoryService.java"><method name="&lt;init&gt;" desc="()V" line="7"><counter type="INSTRUCTION" missed="0" covered="3"/><counter type="LINE" missed="0" covered="1"/><counter type="COMPLEXITY" missed="0" covered="1"/><counter type="METHOD" missed="0" covered="1"/></method><method name="availableUnits" desc="(II)I" line="10"><counter type="INSTRUCTION" missed="0" covered="14"/><counter type="BRANCH" missed="0" covered="4"/><counter type="LINE" missed="0" covered="4"/><counter type="COMPLEXITY" missed="0" covered="3"/><counter type="METHOD" missed="0" covered="1"/></method><method name="stockStatus" desc="(I)Ljava/lang/String;" line="18"><counter type="INSTRUCTION" missed="0" covered="11"/><counter type="BRANCH" missed="0" covered="4"/><counter type="LINE" missed="0" covered="5"/><counter type="COMPLEXITY" missed="0" covered="3"/><counter type="METHOD" missed="0" covered="1"/></method><method name="allocateSku" desc="(Ljava/lang/String;I)Ljava/util/List;" line="28"><counter type="INSTRUCTION" missed="0" covered="30"/><counter type="BRANCH" missed="0" covered="8"/><counter type="LINE" missed="0" covered="6"/><counter type="COMPLEXITY" missed="0" covered="5"/><counter type="METHOD" missed="0" covered="1"/></method><counter type="INSTRUCTION" missed="0" covered="58"/><counter type="BRANCH" missed="0" covered="16"/><counter type="LINE" missed="0" covered="16"/><counter type="COMPLEXITY" missed="0" covered="12"/><counter type="METHOD" missed="0" covered="4"/><counter type="CLASS" missed="0" covered="1"/></class><sourcefile name="PricingEngine.java"><line nr="4" mi="0" ci="3" mb="0" cb="0"/><line nr="7" mi="0" ci="4" mb="0" cb="2"/><line nr="8" mi="0" ci="5" mb="0" cb="0"/><line nr="10" mi="0" ci="8" mb="0" cb="4"/><line nr="11" mi="0" ci="5" mb="0" cb="0"/><line nr="13" mi="0" ci="8" mb="0" cb="0"/><line nr="17" mi="0" ci="8" mb="0" cb="4"/><line nr="18" mi="0" ci="2" mb="0" cb="0"/><line nr="20" mi="0" ci="6" mb="0" cb="0"/><line nr="24" mi="0" ci="4" mb="0" cb="2"/><line nr="25" mi="0" ci="2" mb="0" cb="0"/><line nr="27" mi="0" ci="4" mb="0" cb="2"/><line nr="28" mi="0" ci="2" mb="0" cb="0"/><line nr="30" mi="0" ci="2" mb="0" cb="0"/><counter type="INSTRUCTION" missed="0" covered="63"/><counter type="BRANCH" missed="0" covered="14"/><counter type="LINE" missed="0" covered="14"/><counter type="COMPLEXITY" missed="0" covered="11"/><counter type="METHOD" missed="0" covered="4"/><counter type="CLASS" missed="0" covered="1"/></sourcefile><sourcefile name="OrderService.java"><line nr="7" mi="0" ci="2" mb="0" cb="0"/><line nr="8" mi="0" ci="3" mb="0" cb="0"/><line nr="9" mi="0" ci="1" mb="0" cb="0"/><line nr="12" mi="0" ci="6" mb="1" cb="5"/><line nr="13" mi="0" ci="2" mb="0" cb="0"/><line nr="15" mi="0" ci="4" mb="0" cb="4"/><line nr="16" mi="0" ci="2" mb="0" cb="0"/><line nr="18" mi="0" ci="2" mb="0" cb="0"/><line nr="22" mi="0" ci="2" mb="0" cb="0"/><line nr="23" mi="0" ci="7" mb="0" cb="2"/><line nr="24" mi="0" ci="4" mb="0" cb="0"/><line nr="26" mi="0" ci="2" mb="0" cb="0"/><line nr="30" mi="0" ci="7" mb="1" cb="5"/><line nr="31" mi="0" ci="2" mb="0" cb="0"/><line nr="33" mi="0" ci="2" mb="0" cb="2"/><line nr="34" mi="0" ci="2" mb="0" cb="0"/><line nr="36" mi="0" ci="2" mb="0" cb="0"/><line nr="41" mi="0" ci="5" mb="0" cb="0"/><line nr="42" mi="0" ci="1" mb="0" cb="0"/><line nr="43" mi="0" ci="2" mb="0" cb="0"/><line nr="48" mi="0" ci="5" mb="0" cb="0"/><line nr="49" mi="0" ci="5" mb="0" cb="0"/><counter type="INSTRUCTION" missed="0" covered="70"/><counter type="BRANCH" missed="2" covered="18"/><counter type="LINE" missed="0" covered="22"/><counter type="COMPLEXITY" missed="2" covered="14"/><counter type="METHOD" missed="0" covered="6"/><counter type="CLASS" missed="0" covered="1"/></sourcefile><sourcefile name="ShipmentTracker.java"><line nr="7" mi="0" ci="3" mb="0" cb="0"/><line nr="10" mi="0" ci="2" mb="0" cb="2"/><line nr="11" mi="0" ci="2" mb="0" cb="0"/><line nr="13" mi="0" ci="11" mb="0" cb="4"/><line nr="14" mi="0" ci="2" mb="0" cb="0"/><line nr="15" mi="0" ci="2" mb="0" cb="0"/><line nr="16" mi="0" ci="2" mb="0" cb="0"/><line nr="17" mi="0" ci="1" mb="0" cb="0"/><line nr="22" mi="0" ci="4" mb="0" cb="4"/><line nr="23" mi="0" ci="2" mb="0" cb="0"/><line nr="25" mi="0" ci="4" mb="0" cb="0"/><line nr="29" mi="0" ci="8" mb="0" cb="6"/><line nr="30" mi="0" ci="2" mb="0" cb="0"/><line nr="32" mi="0" ci="7" mb="0" cb="0"/><counter type="INSTRUCTION" missed="0" covered="52"/><counter type="BRANCH" missed="0" covered="16"/><counter type="LINE" missed="0" covered="14"/><counter type="COMPLEXITY" missed="0" covered="13"/><counter type="METHOD" missed="0" covered="4"/><counter type="CLASS" missed="0" covered="1"/></sourcefile><sourcefile name="DataFlowSample.java"><line nr="3" mi="0" ci="3" mb="0" cb="0"/><line nr="6" mi="0" ci="2" mb="0" cb="0"/><line nr="7" mi="0" ci="2" mb="0" cb="2"/><line nr="8" mi="0" ci="4" mb="0" cb="0"/><line nr="10" mi="0" ci="4" mb="0" cb="0"/><line nr="14" mi="0" ci="3" mb="0" cb="2"/><line nr="15" mi="0" ci="2" mb="0" cb="0"/><line nr="17" mi="0" ci="2" mb="0" cb="2"/><line nr="18" mi="0" ci="2" mb="0" cb="0"/><line nr="20" mi="0" ci="2" mb="0" cb="0"/><counter type="INSTRUCTION" missed="0" covered="26"/><counter type="BRANCH" missed="0" covered="6"/><counter type="LINE" missed="0" covered="10"/><counter type="COMPLEXITY" missed="0" covered="6"/><counter type="METHOD" missed="0" covered="3"/><counter type="CLASS" missed="0" covered="1"/></sourcefile><sourcefile name="InventoryService.java"><line nr="7" mi="0" ci="3" mb="0" cb="0"/><line nr="10" mi="0" ci="4" mb="0" cb="4"/><line nr="11" mi="0" ci="2" mb="0" cb="0"/><line nr="13" mi="0" ci="4" mb="0" cb="0"/><line nr="14" mi="0" ci="4" mb="0" cb="0"/><line nr="18" mi="0" ci="2" mb="0" cb="2"/><line nr="19" mi="0" ci="2" mb="0" cb="0"/><line nr="21" mi="0" ci="3" mb="0" cb="2"/><line nr="22" mi="0" ci="2" mb="0" cb="0"/><line nr="24" mi="0" ci="2" mb="0" cb="0"/><line nr="28" mi="0" ci="4" mb="0" cb="0"/><line nr="29" mi="0" ci="7" mb="0" cb="6"/><line nr="30" mi="0" ci="2" mb="0" cb="0"/><line nr="32" mi="0" ci="7" mb="0" cb="2"/><line nr="33" mi="0" ci="8" mb="0" cb="0"/><line nr="35" mi="0" ci="2" mb="0" cb="0"/><counter type="INSTRUCTION" missed="0" covered="58"/><counter type="BRANCH" missed="0" covered="16"/><counter type="LINE" missed="0" covered="16"/><counter type="COMPLEXITY" missed="0" covered="12"/><counter type="METHOD" missed="0" covered="4"/><counter type="CLASS" missed="0" covered="1"/></sourcefile><sourcefile name="PaymentValidator.java"><line nr="3" mi="0" ci="3" mb="0" cb="0"/><line nr="6" mi="0" ci="5" mb="0" cb="4"/><line nr="7" mi="0" ci="5" mb="0" cb="0"/><line nr="9" mi="0" ci="3" mb="0" cb="0"/><line nr="13" mi="0" ci="4" mb="0" cb="2"/><line nr="14" mi="0" ci="2" mb="0" cb="0"/><line nr="16" mi="0" ci="12" mb="0" cb="0"/><counter type="INSTRUCTION" missed="0" covered="34"/><counter type="BRANCH" missed="0" covered="6"/><counter type="LINE" missed="0" covered="7"/><counter type="COMPLEXITY" missed="0" covered="6"/><counter type="METHOD" missed="0" covered="3"/><counter type="CLASS" missed="0" covered="1"/></sourcefile><counter type="INSTRUCTION" missed="0" covered="303"/><counter type="BRANCH" missed="2" covered="76"/><counter type="LINE" missed="0" covered="83"/><counter type="COMPLEXITY" missed="2" covered="62"/><counter type="METHOD" missed="0" covered="24"/><counter type="CLASS" missed="0" covered="6"/></package><counter type="INSTRUCTION" missed="0" covered="303"/><counter type="BRANCH" missed="2" covered="76"/><counter type="LINE" missed="0" covered="83"/><counter type="COMPLEXITY" missed="2" covered="62"/><counter type="METHOD" missed="0" covered="24"/><counter type="CLASS" missed="0" covered="6"/></report>